{"level":"info","message":"Loaded API: POST /api/query","timestamp":"2025-04-26T03:38:00.031Z"}
{"level":"info","message":"Loaded API: GET /api/hellos","timestamp":"2025-04-26T03:38:00.034Z"}
{"level":"info","message":"Loaded API: GET /api/welcome-card","timestamp":"2025-04-26T03:38:00.095Z"}
{"level":"info","message":"Loaded API: GET /api/welcomev2","timestamp":"2025-04-26T03:38:00.097Z"}
{"level":"info","message":"Server running on port 3000","timestamp":"2025-04-26T03:38:00.131Z"}
{"level":"info","message":"API Name: hridoyXQC, Version: 1.0.0","timestamp":"2025-04-26T03:38:00.131Z"}
{"level":"info","message":"GET /api/metadata","timestamp":"2025-04-26T03:38:02.839Z"}
{"level":"info","message":"GET /api/metadata","timestamp":"2025-04-26T03:38:03.538Z"}
{"level":"info","message":"GET /api/metadata","timestamp":"2025-04-26T03:38:04.540Z"}
{"level":"info","message":"GET /docs.html","timestamp":"2025-04-26T03:38:05.289Z"}
{"level":"info","message":"GET /assets/css/styles.css","timestamp":"2025-04-26T03:38:05.312Z"}
{"level":"info","message":"GET /assets/js/main.js","timestamp":"2025-04-26T03:38:05.314Z"}
{"level":"info","message":"GET /api/metadata","timestamp":"2025-04-26T03:38:05.408Z"}
{"level":"info","message":"GET /server/settings.json","timestamp":"2025-04-26T03:38:05.417Z"}
{"level":"info","message":"GET /api/metadata","timestamp":"2025-04-26T03:38:05.483Z"}
{"level":"info","message":"GET /api/metadata","timestamp":"2025-04-26T03:38:06.488Z"}
{"level":"info","message":"GET /api/metadata","timestamp":"2025-04-26T03:38:07.489Z"}
{"level":"info","message":"GET /api/metadata","timestamp":"2025-04-26T03:38:08.485Z"}
{"level":"info","message":"GET /api/metadata","timestamp":"2025-04-26T03:38:09.493Z"}
{"level":"info","message":"GET /api/metadata","timestamp":"2025-04-26T03:38:10.492Z"}
{"level":"info","message":"GET /api/metadata","timestamp":"2025-04-26T03:38:11.483Z"}
{"level":"info","message":"GET /api/metadata","timestamp":"2025-04-26T03:38:13.007Z"}
{"level":"info","message":"GET /api/metadata","timestamp":"2025-04-26T03:38:14.008Z"}
{"level":"info","message":"GET /api/metadata","timestamp":"2025-04-26T03:38:15.007Z"}
{"level":"info","message":"GET /api/metadata","timestamp":"2025-04-26T03:38:15.999Z"}
{"level":"info","message":"GET /api/metadata","timestamp":"2025-04-26T03:38:16.827Z"}
{"level":"info","message":"GET /api/metadata","timestamp":"2025-04-26T03:38:17.493Z"}
{"level":"info","message":"GET /api/metadata","timestamp":"2025-04-26T03:38:18.490Z"}
{"level":"info","message":"GET /api/metadata","timestamp":"2025-04-26T03:38:19.488Z"}
{"level":"info","message":"GET /api/metadata","timestamp":"2025-04-26T03:38:20.495Z"}
{"level":"info","message":"GET /api/metadata","timestamp":"2025-04-26T03:38:21.483Z"}
{"level":"info","message":"GET /api/welcomev2?imageUrl=https%3A%2F%2Fi.ibb.co.com%2FFkGvF9Jp%2FThe-Weeknd-Opens-Up-About-His-Past-Turning-30-and-Getting-Vulnerable-on-After-Hours.jpg&name=MD+Hridoy&welcomeText=ww","timestamp":"2025-04-26T03:38:22.279Z"}
{"level":"info","message":"Validating request body: {}","timestamp":"2025-04-26T03:38:22.285Z"}
{"level":"info","message":"GET /api/metadata","timestamp":"2025-04-26T03:38:22.624Z"}
{"level":"info","message":"GET /api/metadata","timestamp":"2025-04-26T03:38:23.484Z"}
{"level":"info","message":"GET /api/metadata","timestamp":"2025-04-26T03:38:24.484Z"}
{"level":"info","message":"GET /api/metadata","timestamp":"2025-04-26T03:38:25.494Z"}
{"level":"info","message":"GET /api/metadata","timestamp":"2025-04-26T03:38:26.996Z"}
{"level":"info","message":"GET /api/metadata","timestamp":"2025-04-26T03:38:28.005Z"}
{"level":"info","message":"GET /api/metadata","timestamp":"2025-04-26T03:38:29.006Z"}
{"level":"info","message":"GET /api/metadata","timestamp":"2025-04-26T03:38:30.006Z"}
{"level":"info","message":"GET /api/metadata","timestamp":"2025-04-26T03:38:30.999Z"}
{"level":"info","message":"GET /api/metadata","timestamp":"2025-04-26T03:38:32.008Z"}
{"level":"info","message":"GET /api/metadata","timestamp":"2025-04-26T03:38:32.998Z"}
{"level":"info","message":"GET /api/metadata","timestamp":"2025-04-26T03:38:34.004Z"}
{"level":"info","message":"GET /api/metadata","timestamp":"2025-04-26T03:38:35.005Z"}
{"level":"info","message":"GET /api/metadata","timestamp":"2025-04-26T03:38:36.008Z"}
{"level":"info","message":"GET /api/metadata","timestamp":"2025-04-26T03:38:37.000Z"}
{"level":"info","message":"Loaded API: POST /api/query","timestamp":"2025-04-26T03:38:40.367Z"}
{"level":"info","message":"Loaded API: GET /api/hellos","timestamp":"2025-04-26T03:38:40.370Z"}
{"level":"info","message":"Loaded API: GET /api/welcome-card","timestamp":"2025-04-26T03:38:40.430Z"}
{"level":"info","message":"Loaded API: GET /api/welcomev2","timestamp":"2025-04-26T03:38:40.431Z"}
{"level":"info","message":"Server running on port 3000","timestamp":"2025-04-26T03:38:40.464Z"}
{"level":"info","message":"API Name: hridoyXQC, Version: 1.0.0","timestamp":"2025-04-26T03:38:40.464Z"}
{"level":"info","message":"GET /api/metadata","timestamp":"2025-04-26T03:38:40.600Z"}
{"level":"info","message":"GET /api/metadata","timestamp":"2025-04-26T03:38:40.608Z"}
{"level":"info","message":"GET /api/metadata","timestamp":"2025-04-26T03:38:41.005Z"}
{"level":"info","message":"GET /api/metadata","timestamp":"2025-04-26T03:38:41.840Z"}
{"level":"info","message":"GET /api/metadata","timestamp":"2025-04-26T03:38:42.487Z"}
{"level":"info","message":"GET /api/metadata","timestamp":"2025-04-26T03:38:43.483Z"}
{"level":"info","message":"GET /docs.html","timestamp":"2025-04-26T03:38:43.918Z"}
{"level":"info","message":"GET /assets/css/styles.css","timestamp":"2025-04-26T03:38:43.934Z"}
{"level":"info","message":"GET /assets/js/main.js","timestamp":"2025-04-26T03:38:43.936Z"}
{"level":"info","message":"GET /api/metadata","timestamp":"2025-04-26T03:38:43.996Z"}
{"level":"info","message":"GET /server/settings.json","timestamp":"2025-04-26T03:38:44.021Z"}
{"level":"info","message":"GET /api/metadata","timestamp":"2025-04-26T03:38:44.035Z"}
{"level":"info","message":"GET /api/metadata","timestamp":"2025-04-26T03:38:45.041Z"}
{"level":"info","message":"GET /api/metadata","timestamp":"2025-04-26T03:38:46.046Z"}
{"level":"info","message":"GET /api/metadata","timestamp":"2025-04-26T03:38:47.036Z"}
{"level":"info","message":"GET /api/metadata","timestamp":"2025-04-26T03:38:48.046Z"}
{"level":"info","message":"GET /api/metadata","timestamp":"2025-04-26T03:38:49.038Z"}
{"level":"info","message":"GET /api/metadata","timestamp":"2025-04-26T03:38:50.047Z"}
{"level":"info","message":"GET /api/metadata","timestamp":"2025-04-26T03:38:51.044Z"}
{"level":"info","message":"GET /api/metadata","timestamp":"2025-04-26T03:38:52.038Z"}
{"level":"info","message":"GET /api/welcomev2?imageUrl=https%3A%2F%2Fi.ibb.co.com%2FFkGvF9Jp%2FThe-Weeknd-Opens-Up-About-His-Past-Turning-30-and-Getting-Vulnerable-on-After-Hours.jpg&name=MD+Hridoy&welcomeText=e","timestamp":"2025-04-26T03:38:52.640Z"}
{"level":"info","message":"Validating request body: {}","timestamp":"2025-04-26T03:38:52.646Z"}
{"level":"info","message":"GET /api/metadata","timestamp":"2025-04-26T03:38:53.041Z"}
{"level":"info","message":"GET /api/metadata","timestamp":"2025-04-26T03:38:54.036Z"}
{"level":"info","message":"GET /api/metadata","timestamp":"2025-04-26T03:38:55.051Z"}
{"level":"info","message":"GET /api/metadata","timestamp":"2025-04-26T03:38:56.049Z"}
{"level":"info","message":"GET /api/metadata","timestamp":"2025-04-26T03:38:57.036Z"}
{"level":"info","message":"GET /api/metadata","timestamp":"2025-04-26T03:38:58.039Z"}
{"level":"info","message":"GET /api/metadata","timestamp":"2025-04-26T03:38:59.037Z"}
{"level":"info","message":"GET /api/metadata","timestamp":"2025-04-26T03:39:00.051Z"}
{"level":"info","message":"GET /api/metadata","timestamp":"2025-04-26T03:39:02.009Z"}
{"level":"info","message":"GET /api/metadata","timestamp":"2025-04-26T03:39:04.002Z"}
{"level":"info","message":"GET /api/metadata","timestamp":"2025-04-26T03:39:05.037Z"}
{"level":"info","message":"GET /api/metadata","timestamp":"2025-04-26T03:39:07.004Z"}
